2025-03-04T17:08:18.372+01:00  INFO 14544 --- [fct_bbdd] [restartedMain] com.daw2.fct_bbdd.FctBbddApplication     : Starting FctBbddApplication using Java 23.0.1 with PID 14544 (C:\Users\Alejandro Alonso\Desktop\FCT\FCT_BBDD\target\classes started by Alejandro Alonso in C:\Users\Alejandro Alonso\Desktop\FCT\FCT_BBDD)
2025-03-04T17:08:18.382+01:00  INFO 14544 --- [fct_bbdd] [restartedMain] com.daw2.fct_bbdd.FctBbddApplication     : No active profile set, falling back to 1 default profile: "default"
2025-03-04T17:08:18.430+01:00  INFO 14544 --- [fct_bbdd] [restartedMain] .e.DevToolsPropertyDefaultsPostProcessor : Devtools property defaults active! Set 'spring.devtools.add-properties' to 'false' to disable
2025-03-04T17:08:18.431+01:00  INFO 14544 --- [fct_bbdd] [restartedMain] .e.DevToolsPropertyDefaultsPostProcessor : For additional web related logging consider setting the 'logging.level.web' property to 'DEBUG'
2025-03-04T17:08:19.077+01:00  INFO 14544 --- [fct_bbdd] [restartedMain] .s.d.r.c.RepositoryConfigurationDelegate : Bootstrapping Spring Data JPA repositories in DEFAULT mode.
2025-03-04T17:08:19.136+01:00  INFO 14544 --- [fct_bbdd] [restartedMain] .s.d.r.c.RepositoryConfigurationDelegate : Finished Spring Data repository scanning in 51 ms. Found 1 JPA repository interface.
2025-03-04T17:08:19.639+01:00  INFO 14544 --- [fct_bbdd] [restartedMain] o.s.b.w.embedded.tomcat.TomcatWebServer  : Tomcat initialized with port 8080 (http)
2025-03-04T17:08:19.654+01:00  INFO 14544 --- [fct_bbdd] [restartedMain] o.apache.catalina.core.StandardService   : Starting service [Tomcat]
2025-03-04T17:08:19.654+01:00  INFO 14544 --- [fct_bbdd] [restartedMain] o.apache.catalina.core.StandardEngine    : Starting Servlet engine: [Apache Tomcat/10.1.31]
2025-03-04T17:08:19.714+01:00  INFO 14544 --- [fct_bbdd] [restartedMain] o.a.c.c.C.[Tomcat].[localhost].[/]       : Initializing Spring embedded WebApplicationContext
2025-03-04T17:08:19.714+01:00  INFO 14544 --- [fct_bbdd] [restartedMain] w.s.c.ServletWebServerApplicationContext : Root WebApplicationContext: initialization completed in 1283 ms
2025-03-04T17:08:19.746+01:00  INFO 14544 --- [fct_bbdd] [restartedMain] com.zaxxer.hikari.HikariDataSource       : HikariPool-1 - Starting...
2025-03-04T17:08:20.960+01:00  INFO 14544 --- [fct_bbdd] [restartedMain] o.hibernate.jpa.internal.util.LogHelper  : HHH000204: Processing PersistenceUnitInfo [name: default]
2025-03-04T17:08:21.045+01:00  INFO 14544 --- [fct_bbdd] [restartedMain] org.hibernate.Version                    : HHH000412: Hibernate ORM core version 6.5.3.Final
2025-03-04T17:08:21.089+01:00  INFO 14544 --- [fct_bbdd] [restartedMain] o.h.c.internal.RegionFactoryInitiator    : HHH000026: Second-level cache disabled
2025-03-04T17:08:21.422+01:00  INFO 14544 --- [fct_bbdd] [restartedMain] o.s.o.j.p.SpringPersistenceUnitInfo      : No LoadTimeWeaver setup: ignoring JPA class transformer
2025-03-04T17:08:21.455+01:00  INFO 14544 --- [fct_bbdd] [restartedMain] com.zaxxer.hikari.HikariDataSource       : HikariPool-1 - Starting...
2025-03-04T17:08:22.476+01:00  WARN 14544 --- [fct_bbdd] [restartedMain] o.h.engine.jdbc.spi.SqlExceptionHelper   : SQL Error: 0, SQLState: 08S01
2025-03-04T17:08:22.477+01:00 ERROR 14544 --- [fct_bbdd] [restartedMain] o.h.engine.jdbc.spi.SqlExceptionHelper   : Communications link failure

The last packet sent successfully to the server was 0 milliseconds ago. The driver has not received any packets from the server.
2025-03-04T17:08:22.482+01:00  WARN 14544 --- [fct_bbdd] [restartedMain] o.h.e.j.e.i.JdbcEnvironmentInitiator     : HHH000342: Could not obtain connection to query metadata

org.hibernate.exception.JDBCConnectionException: unable to obtain isolated JDBC connection [Communications link failure

The last packet sent successfully to the server was 0 milliseconds ago. The driver has not received any packets from the server.] [n/a]
	at org.hibernate.exception.internal.SQLStateConversionDelegate.convert(SQLStateConversionDelegate.java:100) ~[hibernate-core-6.5.3.Final.jar:6.5.3.Final]
	at org.hibernate.exception.internal.StandardSQLExceptionConverter.convert(StandardSQLExceptionConverter.java:58) ~[hibernate-core-6.5.3.Final.jar:6.5.3.Final]
	at org.hibernate.engine.jdbc.spi.SqlExceptionHelper.convert(SqlExceptionHelper.java:108) ~[hibernate-core-6.5.3.Final.jar:6.5.3.Final]
	at org.hibernate.engine.jdbc.spi.SqlExceptionHelper.convert(SqlExceptionHelper.java:94) ~[hibernate-core-6.5.3.Final.jar:6.5.3.Final]
	at org.hibernate.resource.transaction.backend.jdbc.internal.JdbcIsolationDelegate.delegateWork(JdbcIsolationDelegate.java:116) ~[hibernate-core-6.5.3.Final.jar:6.5.3.Final]
	at org.hibernate.engine.jdbc.env.internal.JdbcEnvironmentInitiator.getJdbcEnvironmentUsingJdbcMetadata(JdbcEnvironmentInitiator.java:292) ~[hibernate-core-6.5.3.Final.jar:6.5.3.Final]
	at org.hibernate.engine.jdbc.env.internal.JdbcEnvironmentInitiator.initiateService(JdbcEnvironmentInitiator.java:124) ~[hibernate-core-6.5.3.Final.jar:6.5.3.Final]
	at org.hibernate.engine.jdbc.env.internal.JdbcEnvironmentInitiator.initiateService(JdbcEnvironmentInitiator.java:78) ~[hibernate-core-6.5.3.Final.jar:6.5.3.Final]
	at org.hibernate.boot.registry.internal.StandardServiceRegistryImpl.initiateService(StandardServiceRegistryImpl.java:130) ~[hibernate-core-6.5.3.Final.jar:6.5.3.Final]
	at org.hibernate.service.internal.AbstractServiceRegistryImpl.createService(AbstractServiceRegistryImpl.java:263) ~[hibernate-core-6.5.3.Final.jar:6.5.3.Final]
	at org.hibernate.service.internal.AbstractServiceRegistryImpl.initializeService(AbstractServiceRegistryImpl.java:238) ~[hibernate-core-6.5.3.Final.jar:6.5.3.Final]
	at org.hibernate.service.internal.AbstractServiceRegistryImpl.getService(AbstractServiceRegistryImpl.java:215) ~[hibernate-core-6.5.3.Final.jar:6.5.3.Final]
	at org.hibernate.boot.model.relational.Database.<init>(Database.java:45) ~[hibernate-core-6.5.3.Final.jar:6.5.3.Final]
	at org.hibernate.boot.internal.InFlightMetadataCollectorImpl.getDatabase(InFlightMetadataCollectorImpl.java:221) ~[hibernate-core-6.5.3.Final.jar:6.5.3.Final]
	at org.hibernate.boot.internal.InFlightMetadataCollectorImpl.<init>(InFlightMetadataCollectorImpl.java:189) ~[hibernate-core-6.5.3.Final.jar:6.5.3.Final]
	at org.hibernate.boot.model.process.spi.MetadataBuildingProcess.complete(MetadataBuildingProcess.java:171) ~[hibernate-core-6.5.3.Final.jar:6.5.3.Final]
	at org.hibernate.jpa.boot.internal.EntityManagerFactoryBuilderImpl.metadata(EntityManagerFactoryBuilderImpl.java:1431) ~[hibernate-core-6.5.3.Final.jar:6.5.3.Final]
	at org.hibernate.jpa.boot.internal.EntityManagerFactoryBuilderImpl.build(EntityManagerFactoryBuilderImpl.java:1502) ~[hibernate-core-6.5.3.Final.jar:6.5.3.Final]
	at org.springframework.orm.jpa.vendor.SpringHibernateJpaPersistenceProvider.createContainerEntityManagerFactory(SpringHibernateJpaPersistenceProvider.java:75) ~[spring-orm-6.1.14.jar:6.1.14]
	at org.springframework.orm.jpa.LocalContainerEntityManagerFactoryBean.createNativeEntityManagerFactory(LocalContainerEntityManagerFactoryBean.java:390) ~[spring-orm-6.1.14.jar:6.1.14]
	at org.springframework.orm.jpa.AbstractEntityManagerFactoryBean.buildNativeEntityManagerFactory(AbstractEntityManagerFactoryBean.java:409) ~[spring-orm-6.1.14.jar:6.1.14]
	at org.springframework.orm.jpa.AbstractEntityManagerFactoryBean.afterPropertiesSet(AbstractEntityManagerFactoryBean.java:396) ~[spring-orm-6.1.14.jar:6.1.14]
	at org.springframework.orm.jpa.LocalContainerEntityManagerFactoryBean.afterPropertiesSet(LocalContainerEntityManagerFactoryBean.java:366) ~[spring-orm-6.1.14.jar:6.1.14]
	at org.springframework.beans.factory.support.AbstractAutowireCapableBeanFactory.invokeInitMethods(AbstractAutowireCapableBeanFactory.java:1853) ~[spring-beans-6.1.14.jar:6.1.14]
	at org.springframework.beans.factory.support.AbstractAutowireCapableBeanFactory.initializeBean(AbstractAutowireCapableBeanFactory.java:1802) ~[spring-beans-6.1.14.jar:6.1.14]
	at org.springframework.beans.factory.support.AbstractAutowireCapableBeanFactory.doCreateBean(AbstractAutowireCapableBeanFactory.java:600) ~[spring-beans-6.1.14.jar:6.1.14]
	at org.springframework.beans.factory.support.AbstractAutowireCapableBeanFactory.createBean(AbstractAutowireCapableBeanFactory.java:522) ~[spring-beans-6.1.14.jar:6.1.14]
	at org.springframework.beans.factory.support.AbstractBeanFactory.lambda$doGetBean$0(AbstractBeanFactory.java:337) ~[spring-beans-6.1.14.jar:6.1.14]
	at org.springframework.beans.factory.support.DefaultSingletonBeanRegistry.getSingleton(DefaultSingletonBeanRegistry.java:234) ~[spring-beans-6.1.14.jar:6.1.14]
	at org.springframework.beans.factory.support.AbstractBeanFactory.doGetBean(AbstractBeanFactory.java:335) ~[spring-beans-6.1.14.jar:6.1.14]
	at org.springframework.beans.factory.support.AbstractBeanFactory.getBean(AbstractBeanFactory.java:205) ~[spring-beans-6.1.14.jar:6.1.14]
	at org.springframework.context.support.AbstractApplicationContext.finishBeanFactoryInitialization(AbstractApplicationContext.java:954) ~[spring-context-6.1.14.jar:6.1.14]
	at org.springframework.context.support.AbstractApplicationContext.refresh(AbstractApplicationContext.java:625) ~[spring-context-6.1.14.jar:6.1.14]
	at org.springframework.boot.web.servlet.context.ServletWebServerApplicationContext.refresh(ServletWebServerApplicationContext.java:146) ~[spring-boot-3.3.5.jar:3.3.5]
	at org.springframework.boot.SpringApplication.refresh(SpringApplication.java:754) ~[spring-boot-3.3.5.jar:3.3.5]
	at org.springframework.boot.SpringApplication.refreshContext(SpringApplication.java:456) ~[spring-boot-3.3.5.jar:3.3.5]
	at org.springframework.boot.SpringApplication.run(SpringApplication.java:335) ~[spring-boot-3.3.5.jar:3.3.5]
	at org.springframework.boot.SpringApplication.run(SpringApplication.java:1363) ~[spring-boot-3.3.5.jar:3.3.5]
	at org.springframework.boot.SpringApplication.run(SpringApplication.java:1352) ~[spring-boot-3.3.5.jar:3.3.5]
	at com.daw2.fct_bbdd.FctBbddApplication.main(FctBbddApplication.java:10) ~[classes/:na]
	at java.base/jdk.internal.reflect.DirectMethodHandleAccessor.invoke(DirectMethodHandleAccessor.java:103) ~[na:na]
	at java.base/java.lang.reflect.Method.invoke(Method.java:580) ~[na:na]
	at org.springframework.boot.devtools.restart.RestartLauncher.run(RestartLauncher.java:50) ~[spring-boot-devtools-3.3.5.jar:3.3.5]
Caused by: com.mysql.cj.jdbc.exceptions.CommunicationsException: Communications link failure

The last packet sent successfully to the server was 0 milliseconds ago. The driver has not received any packets from the server.
	at com.mysql.cj.jdbc.exceptions.SQLError.createCommunicationsException(SQLError.java:175) ~[mysql-connector-j-8.0.33.jar:8.0.33]
	at com.mysql.cj.jdbc.exceptions.SQLExceptionsMapping.translateException(SQLExceptionsMapping.java:64) ~[mysql-connector-j-8.0.33.jar:8.0.33]
	at com.mysql.cj.jdbc.ConnectionImpl.createNewIO(ConnectionImpl.java:825) ~[mysql-connector-j-8.0.33.jar:8.0.33]
	at com.mysql.cj.jdbc.ConnectionImpl.<init>(ConnectionImpl.java:446) ~[mysql-connector-j-8.0.33.jar:8.0.33]
	at com.mysql.cj.jdbc.ConnectionImpl.getInstance(ConnectionImpl.java:239) ~[mysql-connector-j-8.0.33.jar:8.0.33]
	at com.mysql.cj.jdbc.NonRegisteringDriver.connect(NonRegisteringDriver.java:188) ~[mysql-connector-j-8.0.33.jar:8.0.33]
	at com.zaxxer.hikari.util.DriverDataSource.getConnection(DriverDataSource.java:137) ~[HikariCP-5.1.0.jar:na]
	at com.zaxxer.hikari.pool.PoolBase.newConnection(PoolBase.java:360) ~[HikariCP-5.1.0.jar:na]
	at com.zaxxer.hikari.pool.PoolBase.newPoolEntry(PoolBase.java:202) ~[HikariCP-5.1.0.jar:na]
	at com.zaxxer.hikari.pool.HikariPool.createPoolEntry(HikariPool.java:461) ~[HikariCP-5.1.0.jar:na]
	at com.zaxxer.hikari.pool.HikariPool.checkFailFast(HikariPool.java:550) ~[HikariCP-5.1.0.jar:na]
	at com.zaxxer.hikari.pool.HikariPool.<init>(HikariPool.java:98) ~[HikariCP-5.1.0.jar:na]
	at com.zaxxer.hikari.HikariDataSource.getConnection(HikariDataSource.java:111) ~[HikariCP-5.1.0.jar:na]
	at org.hibernate.engine.jdbc.connections.internal.DatasourceConnectionProviderImpl.getConnection(DatasourceConnectionProviderImpl.java:122) ~[hibernate-core-6.5.3.Final.jar:6.5.3.Final]
	at org.hibernate.engine.jdbc.env.internal.JdbcEnvironmentInitiator$ConnectionProviderJdbcConnectionAccess.obtainConnection(JdbcEnvironmentInitiator.java:439) ~[hibernate-core-6.5.3.Final.jar:6.5.3.Final]
	at org.hibernate.resource.transaction.backend.jdbc.internal.JdbcIsolationDelegate.delegateWork(JdbcIsolationDelegate.java:61) ~[hibernate-core-6.5.3.Final.jar:6.5.3.Final]
	... 38 common frames omitted
Caused by: com.mysql.cj.exceptions.CJCommunicationsException: Communications link failure

The last packet sent successfully to the server was 0 milliseconds ago. The driver has not received any packets from the server.
	at java.base/jdk.internal.reflect.DirectConstructorHandleAccessor.newInstance(DirectConstructorHandleAccessor.java:62) ~[na:na]
	at java.base/java.lang.reflect.Constructor.newInstanceWithCaller(Constructor.java:501) ~[na:na]
	at java.base/java.lang.reflect.Constructor.newInstance(Constructor.java:485) ~[na:na]
	at com.mysql.cj.exceptions.ExceptionFactory.createException(ExceptionFactory.java:62) ~[mysql-connector-j-8.0.33.jar:8.0.33]
	at com.mysql.cj.exceptions.ExceptionFactory.createException(ExceptionFactory.java:105) ~[mysql-connector-j-8.0.33.jar:8.0.33]
	at com.mysql.cj.exceptions.ExceptionFactory.createException(ExceptionFactory.java:150) ~[mysql-connector-j-8.0.33.jar:8.0.33]
	at com.mysql.cj.exceptions.ExceptionFactory.createCommunicationsException(ExceptionFactory.java:166) ~[mysql-connector-j-8.0.33.jar:8.0.33]
	at com.mysql.cj.protocol.a.NativeSocketConnection.connect(NativeSocketConnection.java:89) ~[mysql-connector-j-8.0.33.jar:8.0.33]
	at com.mysql.cj.NativeSession.connect(NativeSession.java:121) ~[mysql-connector-j-8.0.33.jar:8.0.33]
	at com.mysql.cj.jdbc.ConnectionImpl.connectOneTryOnly(ConnectionImpl.java:945) ~[mysql-connector-j-8.0.33.jar:8.0.33]
	at com.mysql.cj.jdbc.ConnectionImpl.createNewIO(ConnectionImpl.java:815) ~[mysql-connector-j-8.0.33.jar:8.0.33]
	... 51 common frames omitted
Caused by: java.net.ConnectException: Connection refused: getsockopt
	at java.base/sun.nio.ch.Net.pollConnect(Native Method) ~[na:na]
	at java.base/sun.nio.ch.Net.pollConnectNow(Net.java:682) ~[na:na]
	at java.base/sun.nio.ch.NioSocketImpl.timedFinishConnect(NioSocketImpl.java:542) ~[na:na]
	at java.base/sun.nio.ch.NioSocketImpl.connect(NioSocketImpl.java:592) ~[na:na]
	at java.base/java.net.SocksSocketImpl.connect(SocksSocketImpl.java:327) ~[na:na]
	at java.base/java.net.Socket.connect(Socket.java:760) ~[na:na]
	at com.mysql.cj.protocol.StandardSocketFactory.connect(StandardSocketFactory.java:153) ~[mysql-connector-j-8.0.33.jar:8.0.33]
	at com.mysql.cj.protocol.a.NativeSocketConnection.connect(NativeSocketConnection.java:63) ~[mysql-connector-j-8.0.33.jar:8.0.33]
	... 54 common frames omitted

2025-03-04T17:08:22.489+01:00 ERROR 14544 --- [fct_bbdd] [restartedMain] j.LocalContainerEntityManagerFactoryBean : Failed to initialize JPA EntityManagerFactory: Unable to create requested service [org.hibernate.engine.jdbc.env.spi.JdbcEnvironment] due to: Unable to determine Dialect without JDBC metadata (please set 'jakarta.persistence.jdbc.url' for common cases or 'hibernate.dialect' when a custom Dialect implementation must be provided)
2025-03-04T17:08:22.490+01:00  WARN 14544 --- [fct_bbdd] [restartedMain] ConfigServletWebServerApplicationContext : Exception encountered during context initialization - cancelling refresh attempt: org.springframework.beans.factory.BeanCreationException: Error creating bean with name 'entityManagerFactory' defined in class path resource [org/springframework/boot/autoconfigure/orm/jpa/HibernateJpaConfiguration.class]: Unable to create requested service [org.hibernate.engine.jdbc.env.spi.JdbcEnvironment] due to: Unable to determine Dialect without JDBC metadata (please set 'jakarta.persistence.jdbc.url' for common cases or 'hibernate.dialect' when a custom Dialect implementation must be provided)
2025-03-04T17:08:22.493+01:00  INFO 14544 --- [fct_bbdd] [restartedMain] o.apache.catalina.core.StandardService   : Stopping service [Tomcat]
2025-03-04T17:08:22.505+01:00  INFO 14544 --- [fct_bbdd] [restartedMain] .s.b.a.l.ConditionEvaluationReportLogger : 

Error starting ApplicationContext. To display the condition evaluation report re-run your application with 'debug' enabled.
2025-03-04T17:08:22.527+01:00 ERROR 14544 --- [fct_bbdd] [restartedMain] o.s.boot.SpringApplication               : Application run failed

org.springframework.beans.factory.BeanCreationException: Error creating bean with name 'entityManagerFactory' defined in class path resource [org/springframework/boot/autoconfigure/orm/jpa/HibernateJpaConfiguration.class]: Unable to create requested service [org.hibernate.engine.jdbc.env.spi.JdbcEnvironment] due to: Unable to determine Dialect without JDBC metadata (please set 'jakarta.persistence.jdbc.url' for common cases or 'hibernate.dialect' when a custom Dialect implementation must be provided)
	at org.springframework.beans.factory.support.AbstractAutowireCapableBeanFactory.initializeBean(AbstractAutowireCapableBeanFactory.java:1806) ~[spring-beans-6.1.14.jar:6.1.14]
	at org.springframework.beans.factory.support.AbstractAutowireCapableBeanFactory.doCreateBean(AbstractAutowireCapableBeanFactory.java:600) ~[spring-beans-6.1.14.jar:6.1.14]
	at org.springframework.beans.factory.support.AbstractAutowireCapableBeanFactory.createBean(AbstractAutowireCapableBeanFactory.java:522) ~[spring-beans-6.1.14.jar:6.1.14]
	at org.springframework.beans.factory.support.AbstractBeanFactory.lambda$doGetBean$0(AbstractBeanFactory.java:337) ~[spring-beans-6.1.14.jar:6.1.14]
	at org.springframework.beans.factory.support.DefaultSingletonBeanRegistry.getSingleton(DefaultSingletonBeanRegistry.java:234) ~[spring-beans-6.1.14.jar:6.1.14]
	at org.springframework.beans.factory.support.AbstractBeanFactory.doGetBean(AbstractBeanFactory.java:335) ~[spring-beans-6.1.14.jar:6.1.14]
	at org.springframework.beans.factory.support.AbstractBeanFactory.getBean(AbstractBeanFactory.java:205) ~[spring-beans-6.1.14.jar:6.1.14]
	at org.springframework.context.support.AbstractApplicationContext.finishBeanFactoryInitialization(AbstractApplicationContext.java:954) ~[spring-context-6.1.14.jar:6.1.14]
	at org.springframework.context.support.AbstractApplicationContext.refresh(AbstractApplicationContext.java:625) ~[spring-context-6.1.14.jar:6.1.14]
	at org.springframework.boot.web.servlet.context.ServletWebServerApplicationContext.refresh(ServletWebServerApplicationContext.java:146) ~[spring-boot-3.3.5.jar:3.3.5]
	at org.springframework.boot.SpringApplication.refresh(SpringApplication.java:754) ~[spring-boot-3.3.5.jar:3.3.5]
	at org.springframework.boot.SpringApplication.refreshContext(SpringApplication.java:456) ~[spring-boot-3.3.5.jar:3.3.5]
	at org.springframework.boot.SpringApplication.run(SpringApplication.java:335) ~[spring-boot-3.3.5.jar:3.3.5]
	at org.springframework.boot.SpringApplication.run(SpringApplication.java:1363) ~[spring-boot-3.3.5.jar:3.3.5]
	at org.springframework.boot.SpringApplication.run(SpringApplication.java:1352) ~[spring-boot-3.3.5.jar:3.3.5]
	at com.daw2.fct_bbdd.FctBbddApplication.main(FctBbddApplication.java:10) ~[classes/:na]
	at java.base/jdk.internal.reflect.DirectMethodHandleAccessor.invoke(DirectMethodHandleAccessor.java:103) ~[na:na]
	at java.base/java.lang.reflect.Method.invoke(Method.java:580) ~[na:na]
	at org.springframework.boot.devtools.restart.RestartLauncher.run(RestartLauncher.java:50) ~[spring-boot-devtools-3.3.5.jar:3.3.5]
Caused by: org.hibernate.service.spi.ServiceException: Unable to create requested service [org.hibernate.engine.jdbc.env.spi.JdbcEnvironment] due to: Unable to determine Dialect without JDBC metadata (please set 'jakarta.persistence.jdbc.url' for common cases or 'hibernate.dialect' when a custom Dialect implementation must be provided)
	at org.hibernate.service.internal.AbstractServiceRegistryImpl.createService(AbstractServiceRegistryImpl.java:276) ~[hibernate-core-6.5.3.Final.jar:6.5.3.Final]
	at org.hibernate.service.internal.AbstractServiceRegistryImpl.initializeService(AbstractServiceRegistryImpl.java:238) ~[hibernate-core-6.5.3.Final.jar:6.5.3.Final]
	at org.hibernate.service.internal.AbstractServiceRegistryImpl.getService(AbstractServiceRegistryImpl.java:215) ~[hibernate-core-6.5.3.Final.jar:6.5.3.Final]
	at org.hibernate.boot.model.relational.Database.<init>(Database.java:45) ~[hibernate-core-6.5.3.Final.jar:6.5.3.Final]
	at org.hibernate.boot.internal.InFlightMetadataCollectorImpl.getDatabase(InFlightMetadataCollectorImpl.java:221) ~[hibernate-core-6.5.3.Final.jar:6.5.3.Final]
	at org.hibernate.boot.internal.InFlightMetadataCollectorImpl.<init>(InFlightMetadataCollectorImpl.java:189) ~[hibernate-core-6.5.3.Final.jar:6.5.3.Final]
	at org.hibernate.boot.model.process.spi.MetadataBuildingProcess.complete(MetadataBuildingProcess.java:171) ~[hibernate-core-6.5.3.Final.jar:6.5.3.Final]
	at org.hibernate.jpa.boot.internal.EntityManagerFactoryBuilderImpl.metadata(EntityManagerFactoryBuilderImpl.java:1431) ~[hibernate-core-6.5.3.Final.jar:6.5.3.Final]
	at org.hibernate.jpa.boot.internal.EntityManagerFactoryBuilderImpl.build(EntityManagerFactoryBuilderImpl.java:1502) ~[hibernate-core-6.5.3.Final.jar:6.5.3.Final]
	at org.springframework.orm.jpa.vendor.SpringHibernateJpaPersistenceProvider.createContainerEntityManagerFactory(SpringHibernateJpaPersistenceProvider.java:75) ~[spring-orm-6.1.14.jar:6.1.14]
	at org.springframework.orm.jpa.LocalContainerEntityManagerFactoryBean.createNativeEntityManagerFactory(LocalContainerEntityManagerFactoryBean.java:390) ~[spring-orm-6.1.14.jar:6.1.14]
	at org.springframework.orm.jpa.AbstractEntityManagerFactoryBean.buildNativeEntityManagerFactory(AbstractEntityManagerFactoryBean.java:409) ~[spring-orm-6.1.14.jar:6.1.14]
	at org.springframework.orm.jpa.AbstractEntityManagerFactoryBean.afterPropertiesSet(AbstractEntityManagerFactoryBean.java:396) ~[spring-orm-6.1.14.jar:6.1.14]
	at org.springframework.orm.jpa.LocalContainerEntityManagerFactoryBean.afterPropertiesSet(LocalContainerEntityManagerFactoryBean.java:366) ~[spring-orm-6.1.14.jar:6.1.14]
	at org.springframework.beans.factory.support.AbstractAutowireCapableBeanFactory.invokeInitMethods(AbstractAutowireCapableBeanFactory.java:1853) ~[spring-beans-6.1.14.jar:6.1.14]
	at org.springframework.beans.factory.support.AbstractAutowireCapableBeanFactory.initializeBean(AbstractAutowireCapableBeanFactory.java:1802) ~[spring-beans-6.1.14.jar:6.1.14]
	... 18 common frames omitted
Caused by: org.hibernate.HibernateException: Unable to determine Dialect without JDBC metadata (please set 'jakarta.persistence.jdbc.url' for common cases or 'hibernate.dialect' when a custom Dialect implementation must be provided)
	at org.hibernate.engine.jdbc.dialect.internal.DialectFactoryImpl.determineDialect(DialectFactoryImpl.java:191) ~[hibernate-core-6.5.3.Final.jar:6.5.3.Final]
	at org.hibernate.engine.jdbc.dialect.internal.DialectFactoryImpl.buildDialect(DialectFactoryImpl.java:87) ~[hibernate-core-6.5.3.Final.jar:6.5.3.Final]
	at org.hibernate.engine.jdbc.env.internal.JdbcEnvironmentInitiator.getJdbcEnvironmentWithDefaults(JdbcEnvironmentInitiator.java:153) ~[hibernate-core-6.5.3.Final.jar:6.5.3.Final]
	at org.hibernate.engine.jdbc.env.internal.JdbcEnvironmentInitiator.getJdbcEnvironmentUsingJdbcMetadata(JdbcEnvironmentInitiator.java:364) ~[hibernate-core-6.5.3.Final.jar:6.5.3.Final]
	at org.hibernate.engine.jdbc.env.internal.JdbcEnvironmentInitiator.initiateService(JdbcEnvironmentInitiator.java:124) ~[hibernate-core-6.5.3.Final.jar:6.5.3.Final]
	at org.hibernate.engine.jdbc.env.internal.JdbcEnvironmentInitiator.initiateService(JdbcEnvironmentInitiator.java:78) ~[hibernate-core-6.5.3.Final.jar:6.5.3.Final]
	at org.hibernate.boot.registry.internal.StandardServiceRegistryImpl.initiateService(StandardServiceRegistryImpl.java:130) ~[hibernate-core-6.5.3.Final.jar:6.5.3.Final]
	at org.hibernate.service.internal.AbstractServiceRegistryImpl.createService(AbstractServiceRegistryImpl.java:263) ~[hibernate-core-6.5.3.Final.jar:6.5.3.Final]
	... 33 common frames omitted

2025-03-04T17:19:07.947+01:00  INFO 25268 --- [fct_bbdd] [restartedMain] com.daw2.fct_bbdd.FctBbddApplication     : Starting FctBbddApplication using Java 23.0.1 with PID 25268 (C:\Users\Alejandro Alonso\Desktop\FCT\FCT_BBDD\target\classes started by Alejandro Alonso in C:\Users\Alejandro Alonso\Desktop\FCT\FCT_BBDD)
2025-03-04T17:19:07.949+01:00  INFO 25268 --- [fct_bbdd] [restartedMain] com.daw2.fct_bbdd.FctBbddApplication     : No active profile set, falling back to 1 default profile: "default"
2025-03-04T17:19:07.997+01:00  INFO 25268 --- [fct_bbdd] [restartedMain] .e.DevToolsPropertyDefaultsPostProcessor : Devtools property defaults active! Set 'spring.devtools.add-properties' to 'false' to disable
2025-03-04T17:19:07.997+01:00  INFO 25268 --- [fct_bbdd] [restartedMain] .e.DevToolsPropertyDefaultsPostProcessor : For additional web related logging consider setting the 'logging.level.web' property to 'DEBUG'
2025-03-04T17:19:08.610+01:00  INFO 25268 --- [fct_bbdd] [restartedMain] .s.d.r.c.RepositoryConfigurationDelegate : Bootstrapping Spring Data JPA repositories in DEFAULT mode.
2025-03-04T17:19:08.667+01:00  INFO 25268 --- [fct_bbdd] [restartedMain] .s.d.r.c.RepositoryConfigurationDelegate : Finished Spring Data repository scanning in 51 ms. Found 1 JPA repository interface.
2025-03-04T17:19:09.171+01:00  INFO 25268 --- [fct_bbdd] [restartedMain] o.s.b.w.embedded.tomcat.TomcatWebServer  : Tomcat initialized with port 8080 (http)
2025-03-04T17:19:09.188+01:00  INFO 25268 --- [fct_bbdd] [restartedMain] o.apache.catalina.core.StandardService   : Starting service [Tomcat]
2025-03-04T17:19:09.189+01:00  INFO 25268 --- [fct_bbdd] [restartedMain] o.apache.catalina.core.StandardEngine    : Starting Servlet engine: [Apache Tomcat/10.1.31]
2025-03-04T17:19:09.245+01:00  INFO 25268 --- [fct_bbdd] [restartedMain] o.a.c.c.C.[Tomcat].[localhost].[/]       : Initializing Spring embedded WebApplicationContext
2025-03-04T17:19:09.246+01:00  INFO 25268 --- [fct_bbdd] [restartedMain] w.s.c.ServletWebServerApplicationContext : Root WebApplicationContext: initialization completed in 1247 ms
2025-03-04T17:19:09.270+01:00  INFO 25268 --- [fct_bbdd] [restartedMain] com.zaxxer.hikari.HikariDataSource       : HikariPool-1 - Starting...
2025-03-04T17:19:09.561+01:00  INFO 25268 --- [fct_bbdd] [restartedMain] com.zaxxer.hikari.pool.HikariPool        : HikariPool-1 - Added connection conn0: url=jdbc:h2:file:./bd.fct user=SA
2025-03-04T17:19:09.563+01:00  INFO 25268 --- [fct_bbdd] [restartedMain] com.zaxxer.hikari.HikariDataSource       : HikariPool-1 - Start completed.
2025-03-04T17:19:09.575+01:00  INFO 25268 --- [fct_bbdd] [restartedMain] o.s.b.a.h2.H2ConsoleAutoConfiguration    : H2 console available at '/h2-console'. Database available at 'jdbc:h2:file:./bd.fct'
2025-03-04T17:19:09.680+01:00  INFO 25268 --- [fct_bbdd] [restartedMain] o.hibernate.jpa.internal.util.LogHelper  : HHH000204: Processing PersistenceUnitInfo [name: default]
2025-03-04T17:19:09.731+01:00  INFO 25268 --- [fct_bbdd] [restartedMain] org.hibernate.Version                    : HHH000412: Hibernate ORM core version 6.5.3.Final
2025-03-04T17:19:09.764+01:00  INFO 25268 --- [fct_bbdd] [restartedMain] o.h.c.internal.RegionFactoryInitiator    : HHH000026: Second-level cache disabled
2025-03-04T17:19:10.058+01:00  INFO 25268 --- [fct_bbdd] [restartedMain] o.s.o.j.p.SpringPersistenceUnitInfo      : No LoadTimeWeaver setup: ignoring JPA class transformer
2025-03-04T17:19:10.112+01:00  WARN 25268 --- [fct_bbdd] [restartedMain] org.hibernate.orm.deprecation            : HHH90000025: H2Dialect does not need to be specified explicitly using 'hibernate.dialect' (remove the property setting and it will be selected by default)
2025-03-04T17:19:11.012+01:00  INFO 25268 --- [fct_bbdd] [restartedMain] o.h.e.t.j.p.i.JtaPlatformInitiator       : HHH000489: No JTA platform available (set 'hibernate.transaction.jta.platform' to enable JTA platform integration)
2025-03-04T17:19:11.060+01:00  INFO 25268 --- [fct_bbdd] [restartedMain] j.LocalContainerEntityManagerFactoryBean : Initialized JPA EntityManagerFactory for persistence unit 'default'
2025-03-04T17:19:11.357+01:00  WARN 25268 --- [fct_bbdd] [restartedMain] JpaBaseConfiguration$JpaWebConfiguration : spring.jpa.open-in-view is enabled by default. Therefore, database queries may be performed during view rendering. Explicitly configure spring.jpa.open-in-view to disable this warning
2025-03-04T17:19:11.675+01:00  INFO 25268 --- [fct_bbdd] [restartedMain] o.s.b.d.a.OptionalLiveReloadServer       : LiveReload server is running on port 35729
2025-03-04T17:19:11.707+01:00  INFO 25268 --- [fct_bbdd] [restartedMain] o.s.b.w.embedded.tomcat.TomcatWebServer  : Tomcat started on port 8080 (http) with context path '/'
2025-03-04T17:19:11.714+01:00  INFO 25268 --- [fct_bbdd] [restartedMain] com.daw2.fct_bbdd.FctBbddApplication     : Started FctBbddApplication in 4.243 seconds (process running for 5.118)
2025-03-04T17:19:18.808+01:00  INFO 25268 --- [fct_bbdd] [http-nio-8080-exec-1] o.a.c.c.C.[Tomcat].[localhost].[/]       : Initializing Spring DispatcherServlet 'dispatcherServlet'
2025-03-04T17:19:18.809+01:00  INFO 25268 --- [fct_bbdd] [http-nio-8080-exec-1] o.s.web.servlet.DispatcherServlet        : Initializing Servlet 'dispatcherServlet'
2025-03-04T17:19:18.809+01:00  INFO 25268 --- [fct_bbdd] [http-nio-8080-exec-1] o.s.web.servlet.DispatcherServlet        : Completed initialization in 0 ms
2025-03-04T17:21:37.938+01:00  INFO 25268 --- [fct_bbdd] [SpringApplicationShutdownHook] j.LocalContainerEntityManagerFactoryBean : Closing JPA EntityManagerFactory for persistence unit 'default'
2025-03-04T17:21:37.941+01:00  INFO 25268 --- [fct_bbdd] [SpringApplicationShutdownHook] com.zaxxer.hikari.HikariDataSource       : HikariPool-1 - Shutdown initiated...
2025-03-04T17:21:37.943+01:00  INFO 25268 --- [fct_bbdd] [SpringApplicationShutdownHook] com.zaxxer.hikari.HikariDataSource       : HikariPool-1 - Shutdown completed.
2025-03-04T17:21:47.461+01:00  INFO 5112 --- [fct_bbdd] [restartedMain] com.daw2.fct_bbdd.FctBbddApplication     : Starting FctBbddApplication using Java 23.0.1 with PID 5112 (C:\Users\Alejandro Alonso\Desktop\FCT\FCT_BBDD\target\classes started by Alejandro Alonso in C:\Users\Alejandro Alonso\Desktop\FCT\FCT_BBDD)
2025-03-04T17:21:47.464+01:00  INFO 5112 --- [fct_bbdd] [restartedMain] com.daw2.fct_bbdd.FctBbddApplication     : No active profile set, falling back to 1 default profile: "default"
2025-03-04T17:21:47.511+01:00  INFO 5112 --- [fct_bbdd] [restartedMain] .e.DevToolsPropertyDefaultsPostProcessor : Devtools property defaults active! Set 'spring.devtools.add-properties' to 'false' to disable
2025-03-04T17:21:47.511+01:00  INFO 5112 --- [fct_bbdd] [restartedMain] .e.DevToolsPropertyDefaultsPostProcessor : For additional web related logging consider setting the 'logging.level.web' property to 'DEBUG'
2025-03-04T17:21:48.117+01:00  INFO 5112 --- [fct_bbdd] [restartedMain] .s.d.r.c.RepositoryConfigurationDelegate : Bootstrapping Spring Data JPA repositories in DEFAULT mode.
2025-03-04T17:21:48.171+01:00  INFO 5112 --- [fct_bbdd] [restartedMain] .s.d.r.c.RepositoryConfigurationDelegate : Finished Spring Data repository scanning in 48 ms. Found 1 JPA repository interface.
2025-03-04T17:21:48.670+01:00  INFO 5112 --- [fct_bbdd] [restartedMain] o.s.b.w.embedded.tomcat.TomcatWebServer  : Tomcat initialized with port 8080 (http)
2025-03-04T17:21:48.682+01:00  INFO 5112 --- [fct_bbdd] [restartedMain] o.apache.catalina.core.StandardService   : Starting service [Tomcat]
2025-03-04T17:21:48.683+01:00  INFO 5112 --- [fct_bbdd] [restartedMain] o.apache.catalina.core.StandardEngine    : Starting Servlet engine: [Apache Tomcat/10.1.31]
2025-03-04T17:21:48.738+01:00  INFO 5112 --- [fct_bbdd] [restartedMain] o.a.c.c.C.[Tomcat].[localhost].[/]       : Initializing Spring embedded WebApplicationContext
2025-03-04T17:21:48.738+01:00  INFO 5112 --- [fct_bbdd] [restartedMain] w.s.c.ServletWebServerApplicationContext : Root WebApplicationContext: initialization completed in 1226 ms
2025-03-04T17:21:48.763+01:00  INFO 5112 --- [fct_bbdd] [restartedMain] com.zaxxer.hikari.HikariDataSource       : HikariPool-1 - Starting...
2025-03-04T17:21:49.014+01:00  INFO 5112 --- [fct_bbdd] [restartedMain] com.zaxxer.hikari.pool.HikariPool        : HikariPool-1 - Added connection conn0: url=jdbc:h2:file:./bd.fct user=SA
2025-03-04T17:21:49.017+01:00  INFO 5112 --- [fct_bbdd] [restartedMain] com.zaxxer.hikari.HikariDataSource       : HikariPool-1 - Start completed.
2025-03-04T17:21:49.031+01:00  INFO 5112 --- [fct_bbdd] [restartedMain] o.s.b.a.h2.H2ConsoleAutoConfiguration    : H2 console available at '/h2-console'. Database available at 'jdbc:h2:file:./bd.fct'
2025-03-04T17:21:49.164+01:00  INFO 5112 --- [fct_bbdd] [restartedMain] o.hibernate.jpa.internal.util.LogHelper  : HHH000204: Processing PersistenceUnitInfo [name: default]
2025-03-04T17:21:49.217+01:00  INFO 5112 --- [fct_bbdd] [restartedMain] org.hibernate.Version                    : HHH000412: Hibernate ORM core version 6.5.3.Final
2025-03-04T17:21:49.255+01:00  INFO 5112 --- [fct_bbdd] [restartedMain] o.h.c.internal.RegionFactoryInitiator    : HHH000026: Second-level cache disabled
2025-03-04T17:21:49.570+01:00  INFO 5112 --- [fct_bbdd] [restartedMain] o.s.o.j.p.SpringPersistenceUnitInfo      : No LoadTimeWeaver setup: ignoring JPA class transformer
2025-03-04T17:21:49.618+01:00  WARN 5112 --- [fct_bbdd] [restartedMain] org.hibernate.orm.deprecation            : HHH90000025: H2Dialect does not need to be specified explicitly using 'hibernate.dialect' (remove the property setting and it will be selected by default)
2025-03-04T17:21:50.419+01:00  INFO 5112 --- [fct_bbdd] [restartedMain] o.h.e.t.j.p.i.JtaPlatformInitiator       : HHH000489: No JTA platform available (set 'hibernate.transaction.jta.platform' to enable JTA platform integration)
2025-03-04T17:21:50.465+01:00  INFO 5112 --- [fct_bbdd] [restartedMain] j.LocalContainerEntityManagerFactoryBean : Initialized JPA EntityManagerFactory for persistence unit 'default'
2025-03-04T17:21:50.741+01:00  WARN 5112 --- [fct_bbdd] [restartedMain] JpaBaseConfiguration$JpaWebConfiguration : spring.jpa.open-in-view is enabled by default. Therefore, database queries may be performed during view rendering. Explicitly configure spring.jpa.open-in-view to disable this warning
2025-03-04T17:21:51.040+01:00  INFO 5112 --- [fct_bbdd] [restartedMain] o.s.b.d.a.OptionalLiveReloadServer       : LiveReload server is running on port 35729
2025-03-04T17:21:51.076+01:00  INFO 5112 --- [fct_bbdd] [restartedMain] o.s.b.w.embedded.tomcat.TomcatWebServer  : Tomcat started on port 8080 (http) with context path '/'
2025-03-04T17:21:51.083+01:00  INFO 5112 --- [fct_bbdd] [restartedMain] com.daw2.fct_bbdd.FctBbddApplication     : Started FctBbddApplication in 4.06 seconds (process running for 4.776)
2025-03-04T17:21:54.192+01:00  INFO 5112 --- [fct_bbdd] [http-nio-8080-exec-3] o.a.c.c.C.[Tomcat].[localhost].[/]       : Initializing Spring DispatcherServlet 'dispatcherServlet'
2025-03-04T17:21:54.192+01:00  INFO 5112 --- [fct_bbdd] [http-nio-8080-exec-3] o.s.web.servlet.DispatcherServlet        : Initializing Servlet 'dispatcherServlet'
2025-03-04T17:21:54.193+01:00  INFO 5112 --- [fct_bbdd] [http-nio-8080-exec-3] o.s.web.servlet.DispatcherServlet        : Completed initialization in 1 ms
2025-03-04T17:25:54.099+01:00  INFO 5112 --- [fct_bbdd] [SpringApplicationShutdownHook] j.LocalContainerEntityManagerFactoryBean : Closing JPA EntityManagerFactory for persistence unit 'default'
2025-03-04T17:25:54.102+01:00  INFO 5112 --- [fct_bbdd] [SpringApplicationShutdownHook] com.zaxxer.hikari.HikariDataSource       : HikariPool-1 - Shutdown initiated...
2025-03-04T17:25:54.104+01:00  INFO 5112 --- [fct_bbdd] [SpringApplicationShutdownHook] com.zaxxer.hikari.HikariDataSource       : HikariPool-1 - Shutdown completed.
2025-03-04T17:25:58.269+01:00  INFO 2808 --- [fct_bbdd] [restartedMain] com.daw2.fct_bbdd.FctBbddApplication     : Starting FctBbddApplication using Java 23.0.1 with PID 2808 (C:\Users\Alejandro Alonso\Desktop\FCT\FCT_BBDD\target\classes started by Alejandro Alonso in C:\Users\Alejandro Alonso\Desktop\FCT\FCT_BBDD)
2025-03-04T17:25:58.271+01:00  INFO 2808 --- [fct_bbdd] [restartedMain] com.daw2.fct_bbdd.FctBbddApplication     : No active profile set, falling back to 1 default profile: "default"
2025-03-04T17:25:58.322+01:00  INFO 2808 --- [fct_bbdd] [restartedMain] .e.DevToolsPropertyDefaultsPostProcessor : Devtools property defaults active! Set 'spring.devtools.add-properties' to 'false' to disable
2025-03-04T17:25:58.322+01:00  INFO 2808 --- [fct_bbdd] [restartedMain] .e.DevToolsPropertyDefaultsPostProcessor : For additional web related logging consider setting the 'logging.level.web' property to 'DEBUG'
2025-03-04T17:25:58.908+01:00  INFO 2808 --- [fct_bbdd] [restartedMain] .s.d.r.c.RepositoryConfigurationDelegate : Bootstrapping Spring Data JPA repositories in DEFAULT mode.
2025-03-04T17:25:58.962+01:00  INFO 2808 --- [fct_bbdd] [restartedMain] .s.d.r.c.RepositoryConfigurationDelegate : Finished Spring Data repository scanning in 47 ms. Found 1 JPA repository interface.
2025-03-04T17:25:59.450+01:00  INFO 2808 --- [fct_bbdd] [restartedMain] o.s.b.w.embedded.tomcat.TomcatWebServer  : Tomcat initialized with port 8080 (http)
2025-03-04T17:25:59.463+01:00  INFO 2808 --- [fct_bbdd] [restartedMain] o.apache.catalina.core.StandardService   : Starting service [Tomcat]
2025-03-04T17:25:59.464+01:00  INFO 2808 --- [fct_bbdd] [restartedMain] o.apache.catalina.core.StandardEngine    : Starting Servlet engine: [Apache Tomcat/10.1.31]
2025-03-04T17:25:59.517+01:00  INFO 2808 --- [fct_bbdd] [restartedMain] o.a.c.c.C.[Tomcat].[localhost].[/]       : Initializing Spring embedded WebApplicationContext
2025-03-04T17:25:59.517+01:00  INFO 2808 --- [fct_bbdd] [restartedMain] w.s.c.ServletWebServerApplicationContext : Root WebApplicationContext: initialization completed in 1195 ms
2025-03-04T17:25:59.540+01:00  INFO 2808 --- [fct_bbdd] [restartedMain] com.zaxxer.hikari.HikariDataSource       : HikariPool-1 - Starting...
2025-03-04T17:25:59.773+01:00  INFO 2808 --- [fct_bbdd] [restartedMain] com.zaxxer.hikari.pool.HikariPool        : HikariPool-1 - Added connection conn0: url=jdbc:h2:file:./bd.fct user=SA
2025-03-04T17:25:59.775+01:00  INFO 2808 --- [fct_bbdd] [restartedMain] com.zaxxer.hikari.HikariDataSource       : HikariPool-1 - Start completed.
2025-03-04T17:25:59.785+01:00  INFO 2808 --- [fct_bbdd] [restartedMain] o.s.b.a.h2.H2ConsoleAutoConfiguration    : H2 console available at '/h2-console'. Database available at 'jdbc:h2:file:./bd.fct'
2025-03-04T17:25:59.889+01:00  INFO 2808 --- [fct_bbdd] [restartedMain] o.hibernate.jpa.internal.util.LogHelper  : HHH000204: Processing PersistenceUnitInfo [name: default]
2025-03-04T17:25:59.939+01:00  INFO 2808 --- [fct_bbdd] [restartedMain] org.hibernate.Version                    : HHH000412: Hibernate ORM core version 6.5.3.Final
2025-03-04T17:25:59.969+01:00  INFO 2808 --- [fct_bbdd] [restartedMain] o.h.c.internal.RegionFactoryInitiator    : HHH000026: Second-level cache disabled
2025-03-04T17:26:00.254+01:00  INFO 2808 --- [fct_bbdd] [restartedMain] o.s.o.j.p.SpringPersistenceUnitInfo      : No LoadTimeWeaver setup: ignoring JPA class transformer
2025-03-04T17:26:00.305+01:00  WARN 2808 --- [fct_bbdd] [restartedMain] org.hibernate.orm.deprecation            : HHH90000025: H2Dialect does not need to be specified explicitly using 'hibernate.dialect' (remove the property setting and it will be selected by default)
2025-03-04T17:26:01.072+01:00  INFO 2808 --- [fct_bbdd] [restartedMain] o.h.e.t.j.p.i.JtaPlatformInitiator       : HHH000489: No JTA platform available (set 'hibernate.transaction.jta.platform' to enable JTA platform integration)
2025-03-04T17:26:01.103+01:00  INFO 2808 --- [fct_bbdd] [restartedMain] j.LocalContainerEntityManagerFactoryBean : Initialized JPA EntityManagerFactory for persistence unit 'default'
2025-03-04T17:26:01.361+01:00  WARN 2808 --- [fct_bbdd] [restartedMain] JpaBaseConfiguration$JpaWebConfiguration : spring.jpa.open-in-view is enabled by default. Therefore, database queries may be performed during view rendering. Explicitly configure spring.jpa.open-in-view to disable this warning
2025-03-04T17:26:01.687+01:00  INFO 2808 --- [fct_bbdd] [restartedMain] o.s.b.d.a.OptionalLiveReloadServer       : LiveReload server is running on port 35729
2025-03-04T17:26:01.720+01:00  INFO 2808 --- [fct_bbdd] [restartedMain] o.s.b.w.embedded.tomcat.TomcatWebServer  : Tomcat started on port 8080 (http) with context path '/'
2025-03-04T17:26:01.727+01:00  INFO 2808 --- [fct_bbdd] [restartedMain] com.daw2.fct_bbdd.FctBbddApplication     : Started FctBbddApplication in 3.886 seconds (process running for 4.645)
2025-03-04T17:29:38.339+01:00  INFO 2808 --- [fct_bbdd] [http-nio-8080-exec-2] o.a.c.c.C.[Tomcat].[localhost].[/]       : Initializing Spring DispatcherServlet 'dispatcherServlet'
2025-03-04T17:29:38.339+01:00  INFO 2808 --- [fct_bbdd] [http-nio-8080-exec-2] o.s.web.servlet.DispatcherServlet        : Initializing Servlet 'dispatcherServlet'
2025-03-04T17:29:38.340+01:00  INFO 2808 --- [fct_bbdd] [http-nio-8080-exec-2] o.s.web.servlet.DispatcherServlet        : Completed initialization in 1 ms
2025-03-04T17:34:21.170+01:00  INFO 2808 --- [fct_bbdd] [SpringApplicationShutdownHook] j.LocalContainerEntityManagerFactoryBean : Closing JPA EntityManagerFactory for persistence unit 'default'
2025-03-04T17:34:21.173+01:00  INFO 2808 --- [fct_bbdd] [SpringApplicationShutdownHook] com.zaxxer.hikari.HikariDataSource       : HikariPool-1 - Shutdown initiated...
2025-03-04T17:34:21.174+01:00  INFO 2808 --- [fct_bbdd] [SpringApplicationShutdownHook] com.zaxxer.hikari.HikariDataSource       : HikariPool-1 - Shutdown completed.
2025-03-04T17:34:44.626+01:00  INFO 13232 --- [fct_bbdd] [restartedMain] com.daw2.fct_bbdd.FctBbddApplication     : Starting FctBbddApplication using Java 23.0.1 with PID 13232 (C:\Users\Alejandro Alonso\Desktop\FCT\FCT_BBDD\target\classes started by Alejandro Alonso in C:\Users\Alejandro Alonso\Desktop\FCT\FCT_BBDD)
2025-03-04T17:34:44.628+01:00  INFO 13232 --- [fct_bbdd] [restartedMain] com.daw2.fct_bbdd.FctBbddApplication     : No active profile set, falling back to 1 default profile: "default"
2025-03-04T17:34:44.676+01:00  INFO 13232 --- [fct_bbdd] [restartedMain] .e.DevToolsPropertyDefaultsPostProcessor : Devtools property defaults active! Set 'spring.devtools.add-properties' to 'false' to disable
2025-03-04T17:34:44.677+01:00  INFO 13232 --- [fct_bbdd] [restartedMain] .e.DevToolsPropertyDefaultsPostProcessor : For additional web related logging consider setting the 'logging.level.web' property to 'DEBUG'
2025-03-04T17:34:45.271+01:00  INFO 13232 --- [fct_bbdd] [restartedMain] .s.d.r.c.RepositoryConfigurationDelegate : Bootstrapping Spring Data JPA repositories in DEFAULT mode.
2025-03-04T17:34:45.326+01:00  INFO 13232 --- [fct_bbdd] [restartedMain] .s.d.r.c.RepositoryConfigurationDelegate : Finished Spring Data repository scanning in 47 ms. Found 1 JPA repository interface.
2025-03-04T17:34:45.841+01:00  INFO 13232 --- [fct_bbdd] [restartedMain] o.s.b.w.embedded.tomcat.TomcatWebServer  : Tomcat initialized with port 8080 (http)
2025-03-04T17:34:45.854+01:00  INFO 13232 --- [fct_bbdd] [restartedMain] o.apache.catalina.core.StandardService   : Starting service [Tomcat]
2025-03-04T17:34:45.855+01:00  INFO 13232 --- [fct_bbdd] [restartedMain] o.apache.catalina.core.StandardEngine    : Starting Servlet engine: [Apache Tomcat/10.1.31]
2025-03-04T17:34:45.916+01:00  INFO 13232 --- [fct_bbdd] [restartedMain] o.a.c.c.C.[Tomcat].[localhost].[/]       : Initializing Spring embedded WebApplicationContext
2025-03-04T17:34:45.917+01:00  INFO 13232 --- [fct_bbdd] [restartedMain] w.s.c.ServletWebServerApplicationContext : Root WebApplicationContext: initialization completed in 1239 ms
2025-03-04T17:34:45.940+01:00  INFO 13232 --- [fct_bbdd] [restartedMain] com.zaxxer.hikari.HikariDataSource       : HikariPool-1 - Starting...
2025-03-04T17:34:46.167+01:00  INFO 13232 --- [fct_bbdd] [restartedMain] com.zaxxer.hikari.pool.HikariPool        : HikariPool-1 - Added connection conn0: url=jdbc:h2:file:./bd.fct user=SA
2025-03-04T17:34:46.169+01:00  INFO 13232 --- [fct_bbdd] [restartedMain] com.zaxxer.hikari.HikariDataSource       : HikariPool-1 - Start completed.
2025-03-04T17:34:46.181+01:00  INFO 13232 --- [fct_bbdd] [restartedMain] o.s.b.a.h2.H2ConsoleAutoConfiguration    : H2 console available at '/h2-console'. Database available at 'jdbc:h2:file:./bd.fct'
2025-03-04T17:34:46.286+01:00  INFO 13232 --- [fct_bbdd] [restartedMain] o.hibernate.jpa.internal.util.LogHelper  : HHH000204: Processing PersistenceUnitInfo [name: default]
2025-03-04T17:34:46.350+01:00  INFO 13232 --- [fct_bbdd] [restartedMain] org.hibernate.Version                    : HHH000412: Hibernate ORM core version 6.5.3.Final
2025-03-04T17:34:46.382+01:00  INFO 13232 --- [fct_bbdd] [restartedMain] o.h.c.internal.RegionFactoryInitiator    : HHH000026: Second-level cache disabled
2025-03-04T17:34:46.676+01:00  INFO 13232 --- [fct_bbdd] [restartedMain] o.s.o.j.p.SpringPersistenceUnitInfo      : No LoadTimeWeaver setup: ignoring JPA class transformer
2025-03-04T17:34:46.724+01:00  WARN 13232 --- [fct_bbdd] [restartedMain] org.hibernate.orm.deprecation            : HHH90000025: H2Dialect does not need to be specified explicitly using 'hibernate.dialect' (remove the property setting and it will be selected by default)
2025-03-04T17:34:47.540+01:00  INFO 13232 --- [fct_bbdd] [restartedMain] o.h.e.t.j.p.i.JtaPlatformInitiator       : HHH000489: No JTA platform available (set 'hibernate.transaction.jta.platform' to enable JTA platform integration)
2025-03-04T17:34:47.573+01:00  INFO 13232 --- [fct_bbdd] [restartedMain] j.LocalContainerEntityManagerFactoryBean : Initialized JPA EntityManagerFactory for persistence unit 'default'
2025-03-04T17:34:47.837+01:00  WARN 13232 --- [fct_bbdd] [restartedMain] JpaBaseConfiguration$JpaWebConfiguration : spring.jpa.open-in-view is enabled by default. Therefore, database queries may be performed during view rendering. Explicitly configure spring.jpa.open-in-view to disable this warning
2025-03-04T17:34:48.128+01:00  INFO 13232 --- [fct_bbdd] [restartedMain] o.s.b.d.a.OptionalLiveReloadServer       : LiveReload server is running on port 35729
2025-03-04T17:34:48.161+01:00  INFO 13232 --- [fct_bbdd] [restartedMain] o.s.b.w.embedded.tomcat.TomcatWebServer  : Tomcat started on port 8080 (http) with context path '/'
2025-03-04T17:34:48.174+01:00  INFO 13232 --- [fct_bbdd] [restartedMain] com.daw2.fct_bbdd.FctBbddApplication     : Started FctBbddApplication in 3.968 seconds (process running for 5.233)
2025-03-04T17:34:53.862+01:00  INFO 13232 --- [fct_bbdd] [http-nio-8080-exec-1] o.a.c.c.C.[Tomcat].[localhost].[/]       : Initializing Spring DispatcherServlet 'dispatcherServlet'
2025-03-04T17:34:53.863+01:00  INFO 13232 --- [fct_bbdd] [http-nio-8080-exec-1] o.s.web.servlet.DispatcherServlet        : Initializing Servlet 'dispatcherServlet'
2025-03-04T17:34:53.864+01:00  INFO 13232 --- [fct_bbdd] [http-nio-8080-exec-1] o.s.web.servlet.DispatcherServlet        : Completed initialization in 0 ms
2025-03-04T17:35:00.911+01:00  INFO 13232 --- [fct_bbdd] [SpringApplicationShutdownHook] j.LocalContainerEntityManagerFactoryBean : Closing JPA EntityManagerFactory for persistence unit 'default'
2025-03-04T17:35:00.915+01:00  INFO 13232 --- [fct_bbdd] [SpringApplicationShutdownHook] com.zaxxer.hikari.HikariDataSource       : HikariPool-1 - Shutdown initiated...
2025-03-04T17:35:00.916+01:00  INFO 13232 --- [fct_bbdd] [SpringApplicationShutdownHook] com.zaxxer.hikari.HikariDataSource       : HikariPool-1 - Shutdown completed.
2025-03-04T17:35:57.429+01:00  INFO 23300 --- [fct_bbdd] [restartedMain] com.daw2.fct_bbdd.FctBbddApplication     : Starting FctBbddApplication using Java 23.0.1 with PID 23300 (C:\Users\Alejandro Alonso\Desktop\FCT\FCT_BBDD\target\classes started by Alejandro Alonso in C:\Users\Alejandro Alonso\Desktop\FCT\FCT_BBDD)
2025-03-04T17:35:57.431+01:00  INFO 23300 --- [fct_bbdd] [restartedMain] com.daw2.fct_bbdd.FctBbddApplication     : No active profile set, falling back to 1 default profile: "default"
2025-03-04T17:35:57.478+01:00  INFO 23300 --- [fct_bbdd] [restartedMain] .e.DevToolsPropertyDefaultsPostProcessor : Devtools property defaults active! Set 'spring.devtools.add-properties' to 'false' to disable
2025-03-04T17:35:57.478+01:00  INFO 23300 --- [fct_bbdd] [restartedMain] .e.DevToolsPropertyDefaultsPostProcessor : For additional web related logging consider setting the 'logging.level.web' property to 'DEBUG'
2025-03-04T17:35:58.051+01:00  INFO 23300 --- [fct_bbdd] [restartedMain] .s.d.r.c.RepositoryConfigurationDelegate : Bootstrapping Spring Data JPA repositories in DEFAULT mode.
2025-03-04T17:35:58.101+01:00  INFO 23300 --- [fct_bbdd] [restartedMain] .s.d.r.c.RepositoryConfigurationDelegate : Finished Spring Data repository scanning in 44 ms. Found 1 JPA repository interface.
2025-03-04T17:35:58.551+01:00  INFO 23300 --- [fct_bbdd] [restartedMain] o.s.b.w.embedded.tomcat.TomcatWebServer  : Tomcat initialized with port 8080 (http)
2025-03-04T17:35:58.563+01:00  INFO 23300 --- [fct_bbdd] [restartedMain] o.apache.catalina.core.StandardService   : Starting service [Tomcat]
2025-03-04T17:35:58.563+01:00  INFO 23300 --- [fct_bbdd] [restartedMain] o.apache.catalina.core.StandardEngine    : Starting Servlet engine: [Apache Tomcat/10.1.31]
2025-03-04T17:35:58.615+01:00  INFO 23300 --- [fct_bbdd] [restartedMain] o.a.c.c.C.[Tomcat].[localhost].[/]       : Initializing Spring embedded WebApplicationContext
2025-03-04T17:35:58.615+01:00  INFO 23300 --- [fct_bbdd] [restartedMain] w.s.c.ServletWebServerApplicationContext : Root WebApplicationContext: initialization completed in 1136 ms
2025-03-04T17:35:58.638+01:00  INFO 23300 --- [fct_bbdd] [restartedMain] com.zaxxer.hikari.HikariDataSource       : HikariPool-1 - Starting...
2025-03-04T17:35:58.880+01:00  INFO 23300 --- [fct_bbdd] [restartedMain] com.zaxxer.hikari.pool.HikariPool        : HikariPool-1 - Added connection conn0: url=jdbc:h2:file:./bd.fct user=SA
2025-03-04T17:35:58.881+01:00  INFO 23300 --- [fct_bbdd] [restartedMain] com.zaxxer.hikari.HikariDataSource       : HikariPool-1 - Start completed.
2025-03-04T17:35:58.892+01:00  INFO 23300 --- [fct_bbdd] [restartedMain] o.s.b.a.h2.H2ConsoleAutoConfiguration    : H2 console available at '/h2-console'. Database available at 'jdbc:h2:file:./bd.fct'
2025-03-04T17:35:58.994+01:00  INFO 23300 --- [fct_bbdd] [restartedMain] o.hibernate.jpa.internal.util.LogHelper  : HHH000204: Processing PersistenceUnitInfo [name: default]
2025-03-04T17:35:59.043+01:00  INFO 23300 --- [fct_bbdd] [restartedMain] org.hibernate.Version                    : HHH000412: Hibernate ORM core version 6.5.3.Final
2025-03-04T17:35:59.072+01:00  INFO 23300 --- [fct_bbdd] [restartedMain] o.h.c.internal.RegionFactoryInitiator    : HHH000026: Second-level cache disabled
2025-03-04T17:35:59.340+01:00  INFO 23300 --- [fct_bbdd] [restartedMain] o.s.o.j.p.SpringPersistenceUnitInfo      : No LoadTimeWeaver setup: ignoring JPA class transformer
2025-03-04T17:35:59.382+01:00  WARN 23300 --- [fct_bbdd] [restartedMain] org.hibernate.orm.deprecation            : HHH90000025: H2Dialect does not need to be specified explicitly using 'hibernate.dialect' (remove the property setting and it will be selected by default)
2025-03-04T17:36:00.121+01:00  INFO 23300 --- [fct_bbdd] [restartedMain] o.h.e.t.j.p.i.JtaPlatformInitiator       : HHH000489: No JTA platform available (set 'hibernate.transaction.jta.platform' to enable JTA platform integration)
2025-03-04T17:36:00.163+01:00  INFO 23300 --- [fct_bbdd] [restartedMain] j.LocalContainerEntityManagerFactoryBean : Initialized JPA EntityManagerFactory for persistence unit 'default'
2025-03-04T17:36:00.408+01:00  WARN 23300 --- [fct_bbdd] [restartedMain] JpaBaseConfiguration$JpaWebConfiguration : spring.jpa.open-in-view is enabled by default. Therefore, database queries may be performed during view rendering. Explicitly configure spring.jpa.open-in-view to disable this warning
2025-03-04T17:36:00.675+01:00  INFO 23300 --- [fct_bbdd] [restartedMain] o.s.b.d.a.OptionalLiveReloadServer       : LiveReload server is running on port 35729
2025-03-04T17:36:00.709+01:00  INFO 23300 --- [fct_bbdd] [restartedMain] o.s.b.w.embedded.tomcat.TomcatWebServer  : Tomcat started on port 8080 (http) with context path '/'
2025-03-04T17:36:00.715+01:00  INFO 23300 --- [fct_bbdd] [restartedMain] com.daw2.fct_bbdd.FctBbddApplication     : Started FctBbddApplication in 3.675 seconds (process running for 4.301)
2025-03-04T17:36:07.125+01:00  INFO 23300 --- [fct_bbdd] [http-nio-8080-exec-1] o.a.c.c.C.[Tomcat].[localhost].[/]       : Initializing Spring DispatcherServlet 'dispatcherServlet'
2025-03-04T17:36:07.125+01:00  INFO 23300 --- [fct_bbdd] [http-nio-8080-exec-1] o.s.web.servlet.DispatcherServlet        : Initializing Servlet 'dispatcherServlet'
2025-03-04T17:36:07.126+01:00  INFO 23300 --- [fct_bbdd] [http-nio-8080-exec-1] o.s.web.servlet.DispatcherServlet        : Completed initialization in 0 ms
2025-03-04T17:36:16.754+01:00  INFO 23300 --- [fct_bbdd] [SpringApplicationShutdownHook] j.LocalContainerEntityManagerFactoryBean : Closing JPA EntityManagerFactory for persistence unit 'default'
2025-03-04T17:36:16.757+01:00  INFO 23300 --- [fct_bbdd] [SpringApplicationShutdownHook] com.zaxxer.hikari.HikariDataSource       : HikariPool-1 - Shutdown initiated...
2025-03-04T17:36:16.759+01:00  INFO 23300 --- [fct_bbdd] [SpringApplicationShutdownHook] com.zaxxer.hikari.HikariDataSource       : HikariPool-1 - Shutdown completed.
2025-03-04T17:36:19.390+01:00  INFO 24184 --- [fct_bbdd] [restartedMain] com.daw2.fct_bbdd.FctBbddApplication     : Starting FctBbddApplication using Java 23.0.1 with PID 24184 (C:\Users\Alejandro Alonso\Desktop\FCT\FCT_BBDD\target\classes started by Alejandro Alonso in C:\Users\Alejandro Alonso\Desktop\FCT\FCT_BBDD)
2025-03-04T17:36:19.392+01:00  INFO 24184 --- [fct_bbdd] [restartedMain] com.daw2.fct_bbdd.FctBbddApplication     : No active profile set, falling back to 1 default profile: "default"
2025-03-04T17:36:19.435+01:00  INFO 24184 --- [fct_bbdd] [restartedMain] .e.DevToolsPropertyDefaultsPostProcessor : Devtools property defaults active! Set 'spring.devtools.add-properties' to 'false' to disable
2025-03-04T17:36:19.435+01:00  INFO 24184 --- [fct_bbdd] [restartedMain] .e.DevToolsPropertyDefaultsPostProcessor : For additional web related logging consider setting the 'logging.level.web' property to 'DEBUG'
2025-03-04T17:36:19.980+01:00  INFO 24184 --- [fct_bbdd] [restartedMain] .s.d.r.c.RepositoryConfigurationDelegate : Bootstrapping Spring Data JPA repositories in DEFAULT mode.
2025-03-04T17:36:20.031+01:00  INFO 24184 --- [fct_bbdd] [restartedMain] .s.d.r.c.RepositoryConfigurationDelegate : Finished Spring Data repository scanning in 45 ms. Found 1 JPA repository interface.
2025-03-04T17:36:20.470+01:00  INFO 24184 --- [fct_bbdd] [restartedMain] o.s.b.w.embedded.tomcat.TomcatWebServer  : Tomcat initialized with port 8080 (http)
2025-03-04T17:36:20.482+01:00  INFO 24184 --- [fct_bbdd] [restartedMain] o.apache.catalina.core.StandardService   : Starting service [Tomcat]
2025-03-04T17:36:20.482+01:00  INFO 24184 --- [fct_bbdd] [restartedMain] o.apache.catalina.core.StandardEngine    : Starting Servlet engine: [Apache Tomcat/10.1.31]
2025-03-04T17:36:20.533+01:00  INFO 24184 --- [fct_bbdd] [restartedMain] o.a.c.c.C.[Tomcat].[localhost].[/]       : Initializing Spring embedded WebApplicationContext
2025-03-04T17:36:20.534+01:00  INFO 24184 --- [fct_bbdd] [restartedMain] w.s.c.ServletWebServerApplicationContext : Root WebApplicationContext: initialization completed in 1099 ms
2025-03-04T17:36:20.557+01:00  INFO 24184 --- [fct_bbdd] [restartedMain] com.zaxxer.hikari.HikariDataSource       : HikariPool-1 - Starting...
2025-03-04T17:36:20.770+01:00  INFO 24184 --- [fct_bbdd] [restartedMain] com.zaxxer.hikari.pool.HikariPool        : HikariPool-1 - Added connection conn0: url=jdbc:h2:file:./bd.fct user=SA
2025-03-04T17:36:20.771+01:00  INFO 24184 --- [fct_bbdd] [restartedMain] com.zaxxer.hikari.HikariDataSource       : HikariPool-1 - Start completed.
2025-03-04T17:36:20.782+01:00  INFO 24184 --- [fct_bbdd] [restartedMain] o.s.b.a.h2.H2ConsoleAutoConfiguration    : H2 console available at '/h2-console'. Database available at 'jdbc:h2:file:./bd.fct'
2025-03-04T17:36:20.877+01:00  INFO 24184 --- [fct_bbdd] [restartedMain] o.hibernate.jpa.internal.util.LogHelper  : HHH000204: Processing PersistenceUnitInfo [name: default]
2025-03-04T17:36:20.925+01:00  INFO 24184 --- [fct_bbdd] [restartedMain] org.hibernate.Version                    : HHH000412: Hibernate ORM core version 6.5.3.Final
2025-03-04T17:36:20.953+01:00  INFO 24184 --- [fct_bbdd] [restartedMain] o.h.c.internal.RegionFactoryInitiator    : HHH000026: Second-level cache disabled
2025-03-04T17:36:21.219+01:00  INFO 24184 --- [fct_bbdd] [restartedMain] o.s.o.j.p.SpringPersistenceUnitInfo      : No LoadTimeWeaver setup: ignoring JPA class transformer
2025-03-04T17:36:21.260+01:00  WARN 24184 --- [fct_bbdd] [restartedMain] org.hibernate.orm.deprecation            : HHH90000025: H2Dialect does not need to be specified explicitly using 'hibernate.dialect' (remove the property setting and it will be selected by default)
2025-03-04T17:36:21.978+01:00  INFO 24184 --- [fct_bbdd] [restartedMain] o.h.e.t.j.p.i.JtaPlatformInitiator       : HHH000489: No JTA platform available (set 'hibernate.transaction.jta.platform' to enable JTA platform integration)
2025-03-04T17:36:22.023+01:00  INFO 24184 --- [fct_bbdd] [restartedMain] j.LocalContainerEntityManagerFactoryBean : Initialized JPA EntityManagerFactory for persistence unit 'default'
2025-03-04T17:36:22.283+01:00  WARN 24184 --- [fct_bbdd] [restartedMain] JpaBaseConfiguration$JpaWebConfiguration : spring.jpa.open-in-view is enabled by default. Therefore, database queries may be performed during view rendering. Explicitly configure spring.jpa.open-in-view to disable this warning
2025-03-04T17:36:22.564+01:00  INFO 24184 --- [fct_bbdd] [restartedMain] o.s.b.d.a.OptionalLiveReloadServer       : LiveReload server is running on port 35729
2025-03-04T17:36:22.596+01:00  INFO 24184 --- [fct_bbdd] [restartedMain] o.s.b.w.embedded.tomcat.TomcatWebServer  : Tomcat started on port 8080 (http) with context path '/'
2025-03-04T17:36:22.603+01:00  INFO 24184 --- [fct_bbdd] [restartedMain] com.daw2.fct_bbdd.FctBbddApplication     : Started FctBbddApplication in 3.6 seconds (process running for 4.213)
2025-03-04T17:36:25.026+01:00  INFO 24184 --- [fct_bbdd] [http-nio-8080-exec-2] o.a.c.c.C.[Tomcat].[localhost].[/]       : Initializing Spring DispatcherServlet 'dispatcherServlet'
2025-03-04T17:36:25.027+01:00  INFO 24184 --- [fct_bbdd] [http-nio-8080-exec-2] o.s.web.servlet.DispatcherServlet        : Initializing Servlet 'dispatcherServlet'
2025-03-04T17:36:25.027+01:00  INFO 24184 --- [fct_bbdd] [http-nio-8080-exec-2] o.s.web.servlet.DispatcherServlet        : Completed initialization in 0 ms
2025-03-04T17:36:26.952+01:00  INFO 24184 --- [fct_bbdd] [SpringApplicationShutdownHook] j.LocalContainerEntityManagerFactoryBean : Closing JPA EntityManagerFactory for persistence unit 'default'
2025-03-04T17:36:26.955+01:00  INFO 24184 --- [fct_bbdd] [SpringApplicationShutdownHook] com.zaxxer.hikari.HikariDataSource       : HikariPool-1 - Shutdown initiated...
2025-03-04T17:36:26.956+01:00  INFO 24184 --- [fct_bbdd] [SpringApplicationShutdownHook] com.zaxxer.hikari.HikariDataSource       : HikariPool-1 - Shutdown completed.
2025-03-04T17:49:00.081+01:00  INFO 26516 --- [fct_bbdd] [main] c.daw2.fct_bbdd.FctBbddApplicationTests  : Starting FctBbddApplicationTests using Java 23.0.1 with PID 26516 (started by Alejandro Alonso in C:\Users\Alejandro Alonso\Desktop\FCT\FCT_BBDD)
2025-03-04T17:49:00.082+01:00  INFO 26516 --- [fct_bbdd] [main] c.daw2.fct_bbdd.FctBbddApplicationTests  : No active profile set, falling back to 1 default profile: "default"
2025-03-04T17:49:00.764+01:00  INFO 26516 --- [fct_bbdd] [main] .s.d.r.c.RepositoryConfigurationDelegate : Bootstrapping Spring Data JPA repositories in DEFAULT mode.
2025-03-04T17:49:00.825+01:00  INFO 26516 --- [fct_bbdd] [main] .s.d.r.c.RepositoryConfigurationDelegate : Finished Spring Data repository scanning in 50 ms. Found 1 JPA repository interface.
2025-03-04T17:49:01.247+01:00  INFO 26516 --- [fct_bbdd] [main] o.hibernate.jpa.internal.util.LogHelper  : HHH000204: Processing PersistenceUnitInfo [name: default]
2025-03-04T17:49:01.311+01:00  INFO 26516 --- [fct_bbdd] [main] org.hibernate.Version                    : HHH000412: Hibernate ORM core version 6.5.3.Final
2025-03-04T17:49:01.347+01:00  INFO 26516 --- [fct_bbdd] [main] o.h.c.internal.RegionFactoryInitiator    : HHH000026: Second-level cache disabled
2025-03-04T17:49:01.716+01:00  INFO 26516 --- [fct_bbdd] [main] o.s.o.j.p.SpringPersistenceUnitInfo      : No LoadTimeWeaver setup: ignoring JPA class transformer
2025-03-04T17:49:01.748+01:00  INFO 26516 --- [fct_bbdd] [main] com.zaxxer.hikari.HikariDataSource       : HikariPool-1 - Starting...
2025-03-04T17:49:01.981+01:00  INFO 26516 --- [fct_bbdd] [main] com.zaxxer.hikari.pool.HikariPool        : HikariPool-1 - Added connection conn0: url=jdbc:h2:file:./bd.fct user=SA
2025-03-04T17:49:01.984+01:00  INFO 26516 --- [fct_bbdd] [main] com.zaxxer.hikari.HikariDataSource       : HikariPool-1 - Start completed.
2025-03-04T17:49:02.009+01:00  WARN 26516 --- [fct_bbdd] [main] org.hibernate.orm.deprecation            : HHH90000025: H2Dialect does not need to be specified explicitly using 'hibernate.dialect' (remove the property setting and it will be selected by default)
2025-03-04T17:49:02.807+01:00  INFO 26516 --- [fct_bbdd] [main] o.h.e.t.j.p.i.JtaPlatformInitiator       : HHH000489: No JTA platform available (set 'hibernate.transaction.jta.platform' to enable JTA platform integration)
2025-03-04T17:49:02.857+01:00  INFO 26516 --- [fct_bbdd] [main] j.LocalContainerEntityManagerFactoryBean : Initialized JPA EntityManagerFactory for persistence unit 'default'
2025-03-04T17:49:03.295+01:00  WARN 26516 --- [fct_bbdd] [main] JpaBaseConfiguration$JpaWebConfiguration : spring.jpa.open-in-view is enabled by default. Therefore, database queries may be performed during view rendering. Explicitly configure spring.jpa.open-in-view to disable this warning
2025-03-04T17:49:03.658+01:00  INFO 26516 --- [fct_bbdd] [main] c.daw2.fct_bbdd.FctBbddApplicationTests  : Started FctBbddApplicationTests in 3.908 seconds (process running for 5.941)
2025-03-04T17:49:04.174+01:00  INFO 26516 --- [fct_bbdd] [SpringApplicationShutdownHook] j.LocalContainerEntityManagerFactoryBean : Closing JPA EntityManagerFactory for persistence unit 'default'
2025-03-04T17:49:04.177+01:00  INFO 26516 --- [fct_bbdd] [SpringApplicationShutdownHook] com.zaxxer.hikari.HikariDataSource       : HikariPool-1 - Shutdown initiated...
2025-03-04T17:49:04.178+01:00  INFO 26516 --- [fct_bbdd] [SpringApplicationShutdownHook] com.zaxxer.hikari.HikariDataSource       : HikariPool-1 - Shutdown completed.
2025-03-04T20:17:01.626+01:00  INFO 5696 --- [fct_bbdd] [restartedMain] com.daw2.fct_bbdd.FctBbddApplication     : Starting FctBbddApplication using Java 23.0.1 with PID 5696 (C:\Users\Alejandro Alonso\Desktop\FCT\FCT_BBDD\target\classes started by Alejandro Alonso in C:\Users\Alejandro Alonso\Desktop\FCT\FCT_BBDD)
2025-03-04T20:17:01.628+01:00  INFO 5696 --- [fct_bbdd] [restartedMain] com.daw2.fct_bbdd.FctBbddApplication     : No active profile set, falling back to 1 default profile: "default"
2025-03-04T20:17:01.676+01:00  INFO 5696 --- [fct_bbdd] [restartedMain] .e.DevToolsPropertyDefaultsPostProcessor : Devtools property defaults active! Set 'spring.devtools.add-properties' to 'false' to disable
2025-03-04T20:17:01.676+01:00  INFO 5696 --- [fct_bbdd] [restartedMain] .e.DevToolsPropertyDefaultsPostProcessor : For additional web related logging consider setting the 'logging.level.web' property to 'DEBUG'
2025-03-04T20:17:02.372+01:00  INFO 5696 --- [fct_bbdd] [restartedMain] .s.d.r.c.RepositoryConfigurationDelegate : Bootstrapping Spring Data JPA repositories in DEFAULT mode.
2025-03-04T20:17:02.428+01:00  INFO 5696 --- [fct_bbdd] [restartedMain] .s.d.r.c.RepositoryConfigurationDelegate : Finished Spring Data repository scanning in 49 ms. Found 1 JPA repository interface.
2025-03-04T20:17:02.941+01:00  INFO 5696 --- [fct_bbdd] [restartedMain] o.s.b.w.embedded.tomcat.TomcatWebServer  : Tomcat initialized with port 8080 (http)
2025-03-04T20:17:02.955+01:00  INFO 5696 --- [fct_bbdd] [restartedMain] o.apache.catalina.core.StandardService   : Starting service [Tomcat]
2025-03-04T20:17:02.955+01:00  INFO 5696 --- [fct_bbdd] [restartedMain] o.apache.catalina.core.StandardEngine    : Starting Servlet engine: [Apache Tomcat/10.1.31]
2025-03-04T20:17:03.011+01:00  INFO 5696 --- [fct_bbdd] [restartedMain] o.a.c.c.C.[Tomcat].[localhost].[/]       : Initializing Spring embedded WebApplicationContext
2025-03-04T20:17:03.012+01:00  INFO 5696 --- [fct_bbdd] [restartedMain] w.s.c.ServletWebServerApplicationContext : Root WebApplicationContext: initialization completed in 1336 ms
2025-03-04T20:17:03.036+01:00  INFO 5696 --- [fct_bbdd] [restartedMain] com.zaxxer.hikari.HikariDataSource       : HikariPool-1 - Starting...
2025-03-04T20:17:03.300+01:00  INFO 5696 --- [fct_bbdd] [restartedMain] com.zaxxer.hikari.pool.HikariPool        : HikariPool-1 - Added connection conn0: url=jdbc:h2:file:./bd.fct user=SA
2025-03-04T20:17:03.302+01:00  INFO 5696 --- [fct_bbdd] [restartedMain] com.zaxxer.hikari.HikariDataSource       : HikariPool-1 - Start completed.
2025-03-04T20:17:03.313+01:00  INFO 5696 --- [fct_bbdd] [restartedMain] o.s.b.a.h2.H2ConsoleAutoConfiguration    : H2 console available at '/h2-console'. Database available at 'jdbc:h2:file:./bd.fct'
2025-03-04T20:17:03.423+01:00  INFO 5696 --- [fct_bbdd] [restartedMain] o.hibernate.jpa.internal.util.LogHelper  : HHH000204: Processing PersistenceUnitInfo [name: default]
2025-03-04T20:17:03.497+01:00  INFO 5696 --- [fct_bbdd] [restartedMain] org.hibernate.Version                    : HHH000412: Hibernate ORM core version 6.5.3.Final
2025-03-04T20:17:03.540+01:00  INFO 5696 --- [fct_bbdd] [restartedMain] o.h.c.internal.RegionFactoryInitiator    : HHH000026: Second-level cache disabled
2025-03-04T20:17:03.879+01:00  INFO 5696 --- [fct_bbdd] [restartedMain] o.s.o.j.p.SpringPersistenceUnitInfo      : No LoadTimeWeaver setup: ignoring JPA class transformer
2025-03-04T20:17:03.936+01:00  WARN 5696 --- [fct_bbdd] [restartedMain] org.hibernate.orm.deprecation            : HHH90000025: H2Dialect does not need to be specified explicitly using 'hibernate.dialect' (remove the property setting and it will be selected by default)
2025-03-04T20:17:04.762+01:00  INFO 5696 --- [fct_bbdd] [restartedMain] o.h.e.t.j.p.i.JtaPlatformInitiator       : HHH000489: No JTA platform available (set 'hibernate.transaction.jta.platform' to enable JTA platform integration)
2025-03-04T20:17:04.814+01:00  INFO 5696 --- [fct_bbdd] [restartedMain] j.LocalContainerEntityManagerFactoryBean : Initialized JPA EntityManagerFactory for persistence unit 'default'
2025-03-04T20:17:05.083+01:00  WARN 5696 --- [fct_bbdd] [restartedMain] JpaBaseConfiguration$JpaWebConfiguration : spring.jpa.open-in-view is enabled by default. Therefore, database queries may be performed during view rendering. Explicitly configure spring.jpa.open-in-view to disable this warning
2025-03-04T20:17:05.376+01:00  INFO 5696 --- [fct_bbdd] [restartedMain] o.s.b.d.a.OptionalLiveReloadServer       : LiveReload server is running on port 35729
2025-03-04T20:17:05.395+01:00  WARN 5696 --- [fct_bbdd] [restartedMain] ConfigServletWebServerApplicationContext : Exception encountered during context initialization - cancelling refresh attempt: org.springframework.context.ApplicationContextException: Failed to start bean 'webServerStartStop'
2025-03-04T20:17:05.396+01:00  INFO 5696 --- [fct_bbdd] [restartedMain] j.LocalContainerEntityManagerFactoryBean : Closing JPA EntityManagerFactory for persistence unit 'default'
2025-03-04T20:17:05.398+01:00  INFO 5696 --- [fct_bbdd] [restartedMain] com.zaxxer.hikari.HikariDataSource       : HikariPool-1 - Shutdown initiated...
2025-03-04T20:17:05.416+01:00  INFO 5696 --- [fct_bbdd] [restartedMain] com.zaxxer.hikari.HikariDataSource       : HikariPool-1 - Shutdown completed.
2025-03-04T20:17:05.427+01:00  INFO 5696 --- [fct_bbdd] [restartedMain] .s.b.a.l.ConditionEvaluationReportLogger : 

Error starting ApplicationContext. To display the condition evaluation report re-run your application with 'debug' enabled.
2025-03-04T20:17:05.449+01:00 ERROR 5696 --- [fct_bbdd] [restartedMain] o.s.b.d.LoggingFailureAnalysisReporter   : 

***************************
APPLICATION FAILED TO START
***************************

Description:

Web server failed to start. Port 8080 was already in use.

Action:

Identify and stop the process that's listening on port 8080 or configure this application to listen on another port.

2025-03-04T20:17:17.661+01:00  INFO 10040 --- [fct_bbdd] [restartedMain] com.daw2.fct_bbdd.FctBbddApplication     : Starting FctBbddApplication using Java 23.0.1 with PID 10040 (C:\Users\Alejandro Alonso\Desktop\FCT\FCT_BBDD\target\classes started by Alejandro Alonso in C:\Users\Alejandro Alonso\Desktop\FCT\FCT_BBDD)
2025-03-04T20:17:17.663+01:00  INFO 10040 --- [fct_bbdd] [restartedMain] com.daw2.fct_bbdd.FctBbddApplication     : No active profile set, falling back to 1 default profile: "default"
2025-03-04T20:17:17.707+01:00  INFO 10040 --- [fct_bbdd] [restartedMain] .e.DevToolsPropertyDefaultsPostProcessor : Devtools property defaults active! Set 'spring.devtools.add-properties' to 'false' to disable
2025-03-04T20:17:17.707+01:00  INFO 10040 --- [fct_bbdd] [restartedMain] .e.DevToolsPropertyDefaultsPostProcessor : For additional web related logging consider setting the 'logging.level.web' property to 'DEBUG'
2025-03-04T20:17:18.239+01:00  INFO 10040 --- [fct_bbdd] [restartedMain] .s.d.r.c.RepositoryConfigurationDelegate : Bootstrapping Spring Data JPA repositories in DEFAULT mode.
2025-03-04T20:17:18.289+01:00  INFO 10040 --- [fct_bbdd] [restartedMain] .s.d.r.c.RepositoryConfigurationDelegate : Finished Spring Data repository scanning in 43 ms. Found 1 JPA repository interface.
2025-03-04T20:17:18.721+01:00  INFO 10040 --- [fct_bbdd] [restartedMain] o.s.b.w.embedded.tomcat.TomcatWebServer  : Tomcat initialized with port 8181 (http)
2025-03-04T20:17:18.732+01:00  INFO 10040 --- [fct_bbdd] [restartedMain] o.apache.catalina.core.StandardService   : Starting service [Tomcat]
2025-03-04T20:17:18.733+01:00  INFO 10040 --- [fct_bbdd] [restartedMain] o.apache.catalina.core.StandardEngine    : Starting Servlet engine: [Apache Tomcat/10.1.31]
2025-03-04T20:17:18.784+01:00  INFO 10040 --- [fct_bbdd] [restartedMain] o.a.c.c.C.[Tomcat].[localhost].[/]       : Initializing Spring embedded WebApplicationContext
2025-03-04T20:17:18.784+01:00  INFO 10040 --- [fct_bbdd] [restartedMain] w.s.c.ServletWebServerApplicationContext : Root WebApplicationContext: initialization completed in 1077 ms
2025-03-04T20:17:18.806+01:00  INFO 10040 --- [fct_bbdd] [restartedMain] com.zaxxer.hikari.HikariDataSource       : HikariPool-1 - Starting...
2025-03-04T20:17:19.016+01:00  INFO 10040 --- [fct_bbdd] [restartedMain] com.zaxxer.hikari.pool.HikariPool        : HikariPool-1 - Added connection conn0: url=jdbc:h2:file:./bd.fct user=SA
2025-03-04T20:17:19.017+01:00  INFO 10040 --- [fct_bbdd] [restartedMain] com.zaxxer.hikari.HikariDataSource       : HikariPool-1 - Start completed.
2025-03-04T20:17:19.028+01:00  INFO 10040 --- [fct_bbdd] [restartedMain] o.s.b.a.h2.H2ConsoleAutoConfiguration    : H2 console available at '/h2-console'. Database available at 'jdbc:h2:file:./bd.fct'
2025-03-04T20:17:19.121+01:00  INFO 10040 --- [fct_bbdd] [restartedMain] o.hibernate.jpa.internal.util.LogHelper  : HHH000204: Processing PersistenceUnitInfo [name: default]
2025-03-04T20:17:19.167+01:00  INFO 10040 --- [fct_bbdd] [restartedMain] org.hibernate.Version                    : HHH000412: Hibernate ORM core version 6.5.3.Final
2025-03-04T20:17:19.195+01:00  INFO 10040 --- [fct_bbdd] [restartedMain] o.h.c.internal.RegionFactoryInitiator    : HHH000026: Second-level cache disabled
2025-03-04T20:17:19.459+01:00  INFO 10040 --- [fct_bbdd] [restartedMain] o.s.o.j.p.SpringPersistenceUnitInfo      : No LoadTimeWeaver setup: ignoring JPA class transformer
2025-03-04T20:17:19.503+01:00  WARN 10040 --- [fct_bbdd] [restartedMain] org.hibernate.orm.deprecation            : HHH90000025: H2Dialect does not need to be specified explicitly using 'hibernate.dialect' (remove the property setting and it will be selected by default)
2025-03-04T20:17:20.216+01:00  INFO 10040 --- [fct_bbdd] [restartedMain] o.h.e.t.j.p.i.JtaPlatformInitiator       : HHH000489: No JTA platform available (set 'hibernate.transaction.jta.platform' to enable JTA platform integration)
2025-03-04T20:17:20.259+01:00  INFO 10040 --- [fct_bbdd] [restartedMain] j.LocalContainerEntityManagerFactoryBean : Initialized JPA EntityManagerFactory for persistence unit 'default'
2025-03-04T20:17:20.495+01:00  WARN 10040 --- [fct_bbdd] [restartedMain] JpaBaseConfiguration$JpaWebConfiguration : spring.jpa.open-in-view is enabled by default. Therefore, database queries may be performed during view rendering. Explicitly configure spring.jpa.open-in-view to disable this warning
2025-03-04T20:17:20.752+01:00  INFO 10040 --- [fct_bbdd] [restartedMain] o.s.b.d.a.OptionalLiveReloadServer       : LiveReload server is running on port 35729
2025-03-04T20:17:20.785+01:00  INFO 10040 --- [fct_bbdd] [restartedMain] o.s.b.w.embedded.tomcat.TomcatWebServer  : Tomcat started on port 8181 (http) with context path '/'
2025-03-04T20:17:20.791+01:00  INFO 10040 --- [fct_bbdd] [restartedMain] com.daw2.fct_bbdd.FctBbddApplication     : Started FctBbddApplication in 3.526 seconds (process running for 4.151)
2025-03-04T20:17:57.560+01:00  INFO 10040 --- [fct_bbdd] [SpringApplicationShutdownHook] j.LocalContainerEntityManagerFactoryBean : Closing JPA EntityManagerFactory for persistence unit 'default'
2025-03-04T20:17:57.562+01:00  INFO 10040 --- [fct_bbdd] [SpringApplicationShutdownHook] com.zaxxer.hikari.HikariDataSource       : HikariPool-1 - Shutdown initiated...
2025-03-04T20:17:57.564+01:00  INFO 10040 --- [fct_bbdd] [SpringApplicationShutdownHook] com.zaxxer.hikari.HikariDataSource       : HikariPool-1 - Shutdown completed.
2025-03-04T20:18:30.178+01:00  INFO 25720 --- [fct_bbdd] [restartedMain] com.daw2.fct_bbdd.FctBbddApplication     : Starting FctBbddApplication using Java 23.0.1 with PID 25720 (C:\Users\Alejandro Alonso\Desktop\FCT\FCT_BBDD\target\classes started by Alejandro Alonso in C:\Users\Alejandro Alonso\Desktop\FCT\FCT_BBDD)
2025-03-04T20:18:30.180+01:00  INFO 25720 --- [fct_bbdd] [restartedMain] com.daw2.fct_bbdd.FctBbddApplication     : No active profile set, falling back to 1 default profile: "default"
2025-03-04T20:18:30.223+01:00  INFO 25720 --- [fct_bbdd] [restartedMain] .e.DevToolsPropertyDefaultsPostProcessor : Devtools property defaults active! Set 'spring.devtools.add-properties' to 'false' to disable
2025-03-04T20:18:30.223+01:00  INFO 25720 --- [fct_bbdd] [restartedMain] .e.DevToolsPropertyDefaultsPostProcessor : For additional web related logging consider setting the 'logging.level.web' property to 'DEBUG'
2025-03-04T20:18:30.763+01:00  INFO 25720 --- [fct_bbdd] [restartedMain] .s.d.r.c.RepositoryConfigurationDelegate : Bootstrapping Spring Data JPA repositories in DEFAULT mode.
2025-03-04T20:18:30.819+01:00  INFO 25720 --- [fct_bbdd] [restartedMain] .s.d.r.c.RepositoryConfigurationDelegate : Finished Spring Data repository scanning in 49 ms. Found 1 JPA repository interface.
2025-03-04T20:18:31.258+01:00  INFO 25720 --- [fct_bbdd] [restartedMain] o.s.b.w.embedded.tomcat.TomcatWebServer  : Tomcat initialized with port 8080 (http)
2025-03-04T20:18:31.269+01:00  INFO 25720 --- [fct_bbdd] [restartedMain] o.apache.catalina.core.StandardService   : Starting service [Tomcat]
2025-03-04T20:18:31.269+01:00  INFO 25720 --- [fct_bbdd] [restartedMain] o.apache.catalina.core.StandardEngine    : Starting Servlet engine: [Apache Tomcat/10.1.31]
2025-03-04T20:18:31.320+01:00  INFO 25720 --- [fct_bbdd] [restartedMain] o.a.c.c.C.[Tomcat].[localhost].[/]       : Initializing Spring embedded WebApplicationContext
2025-03-04T20:18:31.320+01:00  INFO 25720 --- [fct_bbdd] [restartedMain] w.s.c.ServletWebServerApplicationContext : Root WebApplicationContext: initialization completed in 1097 ms
2025-03-04T20:18:31.342+01:00  INFO 25720 --- [fct_bbdd] [restartedMain] com.zaxxer.hikari.HikariDataSource       : HikariPool-1 - Starting...
2025-03-04T20:18:31.555+01:00  INFO 25720 --- [fct_bbdd] [restartedMain] com.zaxxer.hikari.pool.HikariPool        : HikariPool-1 - Added connection conn0: url=jdbc:h2:file:./bd.fct user=SA
2025-03-04T20:18:31.557+01:00  INFO 25720 --- [fct_bbdd] [restartedMain] com.zaxxer.hikari.HikariDataSource       : HikariPool-1 - Start completed.
2025-03-04T20:18:31.568+01:00  INFO 25720 --- [fct_bbdd] [restartedMain] o.s.b.a.h2.H2ConsoleAutoConfiguration    : H2 console available at '/h2-console'. Database available at 'jdbc:h2:file:./bd.fct'
2025-03-04T20:18:31.663+01:00  INFO 25720 --- [fct_bbdd] [restartedMain] o.hibernate.jpa.internal.util.LogHelper  : HHH000204: Processing PersistenceUnitInfo [name: default]
2025-03-04T20:18:31.710+01:00  INFO 25720 --- [fct_bbdd] [restartedMain] org.hibernate.Version                    : HHH000412: Hibernate ORM core version 6.5.3.Final
2025-03-04T20:18:31.738+01:00  INFO 25720 --- [fct_bbdd] [restartedMain] o.h.c.internal.RegionFactoryInitiator    : HHH000026: Second-level cache disabled
2025-03-04T20:18:32.002+01:00  INFO 25720 --- [fct_bbdd] [restartedMain] o.s.o.j.p.SpringPersistenceUnitInfo      : No LoadTimeWeaver setup: ignoring JPA class transformer
2025-03-04T20:18:32.043+01:00  WARN 25720 --- [fct_bbdd] [restartedMain] org.hibernate.orm.deprecation            : HHH90000025: H2Dialect does not need to be specified explicitly using 'hibernate.dialect' (remove the property setting and it will be selected by default)
2025-03-04T20:18:32.764+01:00  INFO 25720 --- [fct_bbdd] [restartedMain] o.h.e.t.j.p.i.JtaPlatformInitiator       : HHH000489: No JTA platform available (set 'hibernate.transaction.jta.platform' to enable JTA platform integration)
2025-03-04T20:18:32.807+01:00  INFO 25720 --- [fct_bbdd] [restartedMain] j.LocalContainerEntityManagerFactoryBean : Initialized JPA EntityManagerFactory for persistence unit 'default'
2025-03-04T20:18:33.049+01:00  WARN 25720 --- [fct_bbdd] [restartedMain] JpaBaseConfiguration$JpaWebConfiguration : spring.jpa.open-in-view is enabled by default. Therefore, database queries may be performed during view rendering. Explicitly configure spring.jpa.open-in-view to disable this warning
2025-03-04T20:18:33.313+01:00  INFO 25720 --- [fct_bbdd] [restartedMain] o.s.b.d.a.OptionalLiveReloadServer       : LiveReload server is running on port 35729
2025-03-04T20:18:33.343+01:00  INFO 25720 --- [fct_bbdd] [restartedMain] o.s.b.w.embedded.tomcat.TomcatWebServer  : Tomcat started on port 8080 (http) with context path '/'
2025-03-04T20:18:33.349+01:00  INFO 25720 --- [fct_bbdd] [restartedMain] com.daw2.fct_bbdd.FctBbddApplication     : Started FctBbddApplication in 3.568 seconds (process running for 4.163)
2025-03-04T20:18:40.494+01:00  INFO 25720 --- [fct_bbdd] [http-nio-0.0.0.0-8080-exec-2] o.a.c.c.C.[Tomcat].[localhost].[/]       : Initializing Spring DispatcherServlet 'dispatcherServlet'
2025-03-04T20:18:40.494+01:00  INFO 25720 --- [fct_bbdd] [http-nio-0.0.0.0-8080-exec-2] o.s.web.servlet.DispatcherServlet        : Initializing Servlet 'dispatcherServlet'
2025-03-04T20:18:40.495+01:00  INFO 25720 --- [fct_bbdd] [http-nio-0.0.0.0-8080-exec-2] o.s.web.servlet.DispatcherServlet        : Completed initialization in 1 ms
2025-03-04T21:27:15.366+01:00  INFO 25720 --- [fct_bbdd] [SpringApplicationShutdownHook] j.LocalContainerEntityManagerFactoryBean : Closing JPA EntityManagerFactory for persistence unit 'default'
2025-03-04T21:27:15.378+01:00  INFO 25720 --- [fct_bbdd] [SpringApplicationShutdownHook] com.zaxxer.hikari.HikariDataSource       : HikariPool-1 - Shutdown initiated...
2025-03-04T21:27:15.381+01:00  INFO 25720 --- [fct_bbdd] [SpringApplicationShutdownHook] com.zaxxer.hikari.HikariDataSource       : HikariPool-1 - Shutdown completed.
